Copyright 1986-2019 Xilinx, Inc. All Rights Reserved.
--------------------------------------------------------------------------------------------------------------------------------------------------------------------------------
| Tool Version : Vivado v.2019.2 (win64) Build 2708876 Wed Nov  6 21:40:23 MST 2019
| Date         : Wed May  4 18:03:13 2022
| Host         : SH4D0-02 running 64-bit major release  (build 9200)
| Command      : report_timing_summary -max_paths 10 -file top_timing_summary_routed.rpt -pb top_timing_summary_routed.pb -rpx top_timing_summary_routed.rpx -warn_on_violation
| Design       : top
| Device       : 7a35t-cpg236
| Speed File   : -1  PRODUCTION 1.23 2018-06-13
--------------------------------------------------------------------------------------------------------------------------------------------------------------------------------

Timing Summary Report

------------------------------------------------------------------------------------------------
| Timer Settings
| --------------
------------------------------------------------------------------------------------------------

  Enable Multi Corner Analysis               :  Yes
  Enable Pessimism Removal                   :  Yes
  Pessimism Removal Resolution               :  Nearest Common Node
  Enable Input Delay Default Clock           :  No
  Enable Preset / Clear Arcs                 :  No
  Disable Flight Delays                      :  No
  Ignore I/O Paths                           :  No
  Timing Early Launch at Borrowing Latches   :  No
  Borrow Time for Max Delay Exceptions       :  Yes
  Merge Timing Exceptions                    :  Yes

  Corner  Analyze    Analyze    
  Name    Max Paths  Min Paths  
  ------  ---------  ---------  
  Slow    Yes        Yes        
  Fast    Yes        Yes        



check_timing report

Table of Contents
-----------------
1. checking no_clock
2. checking constant_clock
3. checking pulse_width_clock
4. checking unconstrained_internal_endpoints
5. checking no_input_delay
6. checking no_output_delay
7. checking multiple_clock
8. checking generated_clocks
9. checking loops
10. checking partial_input_delay
11. checking partial_output_delay
12. checking latch_loops

1. checking no_clock
--------------------
 There are 16 register/latch pins with no clock driven by root clock pin: ClockDiv/clk_count_reg[0]/Q (HIGH)

 There are 16 register/latch pins with no clock driven by root clock pin: ClockDiv/clk_count_reg[1]/Q (HIGH)


2. checking constant_clock
--------------------------
 There are 0 register/latch pins with constant_clock.


3. checking pulse_width_clock
-----------------------------
 There are 0 register/latch pins which need pulse_width check


4. checking unconstrained_internal_endpoints
--------------------------------------------
 There are 32 pins that are not constrained for maximum delay. (HIGH)

 There are 0 pins that are not constrained for maximum delay due to constant clock.


5. checking no_input_delay
--------------------------
 There is 1 input port with no input delay specified. (HIGH)

 There are 0 input ports with no input delay but user has a false path constraint.


6. checking no_output_delay
---------------------------
 There are 4 ports with no output delay specified. (HIGH)

 There are 0 ports with no output delay but user has a false path constraint

 There are 0 ports with no output delay but with a timing clock defined on it or propagating through it


7. checking multiple_clock
--------------------------
 There are 0 register/latch pins with multiple clocks.


8. checking generated_clocks
----------------------------
 There are 0 generated clocks that are not connected to a clock source.


9. checking loops
-----------------
 There are 0 combinational loops in the design.


10. checking partial_input_delay
--------------------------------
 There are 0 input ports with partial input delay specified.


11. checking partial_output_delay
---------------------------------
 There are 0 ports with partial output delay specified.


12. checking latch_loops
------------------------
 There are 0 combinational latch loops in the design through latch input



------------------------------------------------------------------------------------------------
| Design Timing Summary
| ---------------------
------------------------------------------------------------------------------------------------

    WNS(ns)      TNS(ns)  TNS Failing Endpoints  TNS Total Endpoints      WHS(ns)      THS(ns)  THS Failing Endpoints  THS Total Endpoints     WPWS(ns)     TPWS(ns)  TPWS Failing Endpoints  TPWS Total Endpoints  
    -------      -------  ---------------------  -------------------      -------      -------  ---------------------  -------------------     --------     --------  ----------------------  --------------------  
      8.711        0.000                      0                    2        0.308        0.000                      0                    2        4.500        0.000                       0                     3  


All user specified timing constraints are met.


------------------------------------------------------------------------------------------------
| Clock Summary
| -------------
------------------------------------------------------------------------------------------------

Clock    Waveform(ns)       Period(ns)      Frequency(MHz)
-----    ------------       ----------      --------------
FPGACLK  {0.000 5.000}      10.000          100.000         


------------------------------------------------------------------------------------------------
| Intra Clock Table
| -----------------
------------------------------------------------------------------------------------------------

Clock             WNS(ns)      TNS(ns)  TNS Failing Endpoints  TNS Total Endpoints      WHS(ns)      THS(ns)  THS Failing Endpoints  THS Total Endpoints     WPWS(ns)     TPWS(ns)  TPWS Failing Endpoints  TPWS Total Endpoints  
-----             -------      -------  ---------------------  -------------------      -------      -------  ---------------------  -------------------     --------     --------  ----------------------  --------------------  
FPGACLK             8.711        0.000                      0                    2        0.308        0.000                      0                    2        4.500        0.000                       0                     3  


------------------------------------------------------------------------------------------------
| Inter Clock Table
| -----------------
------------------------------------------------------------------------------------------------

From Clock    To Clock          WNS(ns)      TNS(ns)  TNS Failing Endpoints  TNS Total Endpoints      WHS(ns)      THS(ns)  THS Failing Endpoints  THS Total Endpoints  
----------    --------          -------      -------  ---------------------  -------------------      -------      -------  ---------------------  -------------------  


------------------------------------------------------------------------------------------------
| Other Path Groups Table
| -----------------------
------------------------------------------------------------------------------------------------

Path Group    From Clock    To Clock          WNS(ns)      TNS(ns)  TNS Failing Endpoints  TNS Total Endpoints      WHS(ns)      THS(ns)  THS Failing Endpoints  THS Total Endpoints  
----------    ----------    --------          -------      -------  ---------------------  -------------------      -------      -------  ---------------------  -------------------  


------------------------------------------------------------------------------------------------
| Timing Details
| --------------
------------------------------------------------------------------------------------------------


---------------------------------------------------------------------------------------------------
From Clock:  FPGACLK
  To Clock:  FPGACLK

Setup :            0  Failing Endpoints,  Worst Slack        8.711ns,  Total Violation        0.000ns
Hold  :            0  Failing Endpoints,  Worst Slack        0.308ns,  Total Violation        0.000ns
PW    :            0  Failing Endpoints,  Worst Slack        4.500ns,  Total Violation        0.000ns
---------------------------------------------------------------------------------------------------


Max Delay Paths
--------------------------------------------------------------------------------------
Slack (MET) :             8.711ns  (required time - arrival time)
  Source:                 ClockDiv/clk_count_reg[1]/C
                            (rising edge-triggered cell FDCE clocked by FPGACLK  {rise@0.000ns fall@5.000ns period=10.000ns})
  Destination:            ClockDiv/clk_count_reg[1]/D
                            (rising edge-triggered cell FDCE clocked by FPGACLK  {rise@0.000ns fall@5.000ns period=10.000ns})
  Path Group:             FPGACLK
  Path Type:              Setup (Max at Slow Process Corner)
  Requirement:            10.000ns  (FPGACLK rise@10.000ns - FPGACLK rise@0.000ns)
  Data Path Delay:        1.329ns  (logic 0.745ns (56.074%)  route 0.584ns (43.926%))
  Logic Levels:           1  (LUT2=1)
  Clock Path Skew:        0.000ns (DCD - SCD + CPR)
    Destination Clock Delay (DCD):    4.845ns = ( 14.845 - 10.000 ) 
    Source Clock Delay      (SCD):    5.141ns
    Clock Pessimism Removal (CPR):    0.296ns
  Clock Uncertainty:      0.035ns  ((TSJ^2 + TIJ^2)^1/2 + DJ) / 2 + PE
    Total System Jitter     (TSJ):    0.071ns
    Total Input Jitter      (TIJ):    0.000ns
    Discrete Jitter          (DJ):    0.000ns
    Phase Error              (PE):    0.000ns

    Location             Delay type                Incr(ns)  Path(ns)    Netlist Resource(s)
  -------------------------------------------------------------------    -------------------
                         (clock FPGACLK rise edge)    0.000     0.000 r  
    W5                                                0.000     0.000 r  FPGACLK (IN)
                         net (fo=0)                   0.000     0.000    FPGACLK
    W5                   IBUF (Prop_ibuf_I_O)         1.458     1.458 r  FPGACLK_IBUF_inst/O
                         net (fo=1, routed)           1.967     3.425    FPGACLK_IBUF
    BUFGCTRL_X0Y0        BUFG (Prop_bufg_I_O)         0.096     3.521 r  FPGACLK_IBUF_BUFG_inst/O
                         net (fo=2, routed)           1.620     5.141    ClockDiv/clk_count_reg[1]_0
    SLICE_X65Y26         FDCE                                         r  ClockDiv/clk_count_reg[1]/C
  -------------------------------------------------------------------    -------------------
    SLICE_X65Y26         FDCE (Prop_fdce_C_Q)         0.419     5.560 r  ClockDiv/clk_count_reg[1]/Q
                         net (fo=2, routed)           0.584     6.144    ClockDiv/clk_count[1]
    SLICE_X65Y26         LUT2 (Prop_lut2_I1_O)        0.326     6.470 r  ClockDiv/clk_count[1]_i_1/O
                         net (fo=1, routed)           0.000     6.470    ClockDiv/p_0_in[1]
    SLICE_X65Y26         FDCE                                         r  ClockDiv/clk_count_reg[1]/D
  -------------------------------------------------------------------    -------------------

                         (clock FPGACLK rise edge)   10.000    10.000 r  
    W5                                                0.000    10.000 r  FPGACLK (IN)
                         net (fo=0)                   0.000    10.000    FPGACLK
    W5                   IBUF (Prop_ibuf_I_O)         1.388    11.388 r  FPGACLK_IBUF_inst/O
                         net (fo=1, routed)           1.862    13.250    FPGACLK_IBUF
    BUFGCTRL_X0Y0        BUFG (Prop_bufg_I_O)         0.091    13.341 r  FPGACLK_IBUF_BUFG_inst/O
                         net (fo=2, routed)           1.504    14.845    ClockDiv/clk_count_reg[1]_0
    SLICE_X65Y26         FDCE                                         r  ClockDiv/clk_count_reg[1]/C
                         clock pessimism              0.296    15.141    
                         clock uncertainty           -0.035    15.106    
    SLICE_X65Y26         FDCE (Setup_fdce_C_D)        0.075    15.181    ClockDiv/clk_count_reg[1]
  -------------------------------------------------------------------
                         required time                         15.181    
                         arrival time                          -6.470    
  -------------------------------------------------------------------
                         slack                                  8.711    

Slack (MET) :             8.749ns  (required time - arrival time)
  Source:                 ClockDiv/clk_count_reg[0]/C
                            (rising edge-triggered cell FDCE clocked by FPGACLK  {rise@0.000ns fall@5.000ns period=10.000ns})
  Destination:            ClockDiv/clk_count_reg[0]/D
                            (rising edge-triggered cell FDCE clocked by FPGACLK  {rise@0.000ns fall@5.000ns period=10.000ns})
  Path Group:             FPGACLK
  Path Type:              Setup (Max at Slow Process Corner)
  Requirement:            10.000ns  (FPGACLK rise@10.000ns - FPGACLK rise@0.000ns)
  Data Path Delay:        1.247ns  (logic 0.580ns (46.512%)  route 0.667ns (53.488%))
  Logic Levels:           1  (LUT1=1)
  Clock Path Skew:        0.000ns (DCD - SCD + CPR)
    Destination Clock Delay (DCD):    4.845ns = ( 14.845 - 10.000 ) 
    Source Clock Delay      (SCD):    5.141ns
    Clock Pessimism Removal (CPR):    0.296ns
  Clock Uncertainty:      0.035ns  ((TSJ^2 + TIJ^2)^1/2 + DJ) / 2 + PE
    Total System Jitter     (TSJ):    0.071ns
    Total Input Jitter      (TIJ):    0.000ns
    Discrete Jitter          (DJ):    0.000ns
    Phase Error              (PE):    0.000ns

    Location             Delay type                Incr(ns)  Path(ns)    Netlist Resource(s)
  -------------------------------------------------------------------    -------------------
                         (clock FPGACLK rise edge)    0.000     0.000 r  
    W5                                                0.000     0.000 r  FPGACLK (IN)
                         net (fo=0)                   0.000     0.000    FPGACLK
    W5                   IBUF (Prop_ibuf_I_O)         1.458     1.458 r  FPGACLK_IBUF_inst/O
                         net (fo=1, routed)           1.967     3.425    FPGACLK_IBUF
    BUFGCTRL_X0Y0        BUFG (Prop_bufg_I_O)         0.096     3.521 r  FPGACLK_IBUF_BUFG_inst/O
                         net (fo=2, routed)           1.620     5.141    ClockDiv/clk_count_reg[1]_0
    SLICE_X65Y26         FDCE                                         r  ClockDiv/clk_count_reg[0]/C
  -------------------------------------------------------------------    -------------------
    SLICE_X65Y26         FDCE (Prop_fdce_C_Q)         0.456     5.597 f  ClockDiv/clk_count_reg[0]/Q
                         net (fo=3, routed)           0.667     6.264    ClockDiv/clk_count[0]
    SLICE_X65Y26         LUT1 (Prop_lut1_I0_O)        0.124     6.388 r  ClockDiv/clk_count[0]_i_1/O
                         net (fo=1, routed)           0.000     6.388    ClockDiv/p_0_in[0]
    SLICE_X65Y26         FDCE                                         r  ClockDiv/clk_count_reg[0]/D
  -------------------------------------------------------------------    -------------------

                         (clock FPGACLK rise edge)   10.000    10.000 r  
    W5                                                0.000    10.000 r  FPGACLK (IN)
                         net (fo=0)                   0.000    10.000    FPGACLK
    W5                   IBUF (Prop_ibuf_I_O)         1.388    11.388 r  FPGACLK_IBUF_inst/O
                         net (fo=1, routed)           1.862    13.250    FPGACLK_IBUF
    BUFGCTRL_X0Y0        BUFG (Prop_bufg_I_O)         0.091    13.341 r  FPGACLK_IBUF_BUFG_inst/O
                         net (fo=2, routed)           1.504    14.845    ClockDiv/clk_count_reg[1]_0
    SLICE_X65Y26         FDCE                                         r  ClockDiv/clk_count_reg[0]/C
                         clock pessimism              0.296    15.141    
                         clock uncertainty           -0.035    15.106    
    SLICE_X65Y26         FDCE (Setup_fdce_C_D)        0.031    15.137    ClockDiv/clk_count_reg[0]
  -------------------------------------------------------------------
                         required time                         15.137    
                         arrival time                          -6.388    
  -------------------------------------------------------------------
                         slack                                  8.749    





Min Delay Paths
--------------------------------------------------------------------------------------
Slack (MET) :             0.308ns  (arrival time - required time)
  Source:                 ClockDiv/clk_count_reg[0]/C
                            (rising edge-triggered cell FDCE clocked by FPGACLK  {rise@0.000ns fall@5.000ns period=10.000ns})
  Destination:            ClockDiv/clk_count_reg[1]/D
                            (rising edge-triggered cell FDCE clocked by FPGACLK  {rise@0.000ns fall@5.000ns period=10.000ns})
  Path Group:             FPGACLK
  Path Type:              Hold (Min at Fast Process Corner)
  Requirement:            0.000ns  (FPGACLK rise@0.000ns - FPGACLK rise@0.000ns)
  Data Path Delay:        0.415ns  (logic 0.184ns (44.337%)  route 0.231ns (55.663%))
  Logic Levels:           1  (LUT2=1)
  Clock Path Skew:        0.000ns (DCD - SCD - CPR)
    Destination Clock Delay (DCD):    1.978ns
    Source Clock Delay      (SCD):    1.466ns
    Clock Pessimism Removal (CPR):    0.512ns

    Location             Delay type                Incr(ns)  Path(ns)    Netlist Resource(s)
  -------------------------------------------------------------------    -------------------
                         (clock FPGACLK rise edge)    0.000     0.000 r  
    W5                                                0.000     0.000 r  FPGACLK (IN)
                         net (fo=0)                   0.000     0.000    FPGACLK
    W5                   IBUF (Prop_ibuf_I_O)         0.226     0.226 r  FPGACLK_IBUF_inst/O
                         net (fo=1, routed)           0.631     0.858    FPGACLK_IBUF
    BUFGCTRL_X0Y0        BUFG (Prop_bufg_I_O)         0.026     0.884 r  FPGACLK_IBUF_BUFG_inst/O
                         net (fo=2, routed)           0.583     1.466    ClockDiv/clk_count_reg[1]_0
    SLICE_X65Y26         FDCE                                         r  ClockDiv/clk_count_reg[0]/C
  -------------------------------------------------------------------    -------------------
    SLICE_X65Y26         FDCE (Prop_fdce_C_Q)         0.141     1.607 r  ClockDiv/clk_count_reg[0]/Q
                         net (fo=3, routed)           0.231     1.838    ClockDiv/clk_count[0]
    SLICE_X65Y26         LUT2 (Prop_lut2_I0_O)        0.043     1.881 r  ClockDiv/clk_count[1]_i_1/O
                         net (fo=1, routed)           0.000     1.881    ClockDiv/p_0_in[1]
    SLICE_X65Y26         FDCE                                         r  ClockDiv/clk_count_reg[1]/D
  -------------------------------------------------------------------    -------------------

                         (clock FPGACLK rise edge)    0.000     0.000 r  
    W5                                                0.000     0.000 r  FPGACLK (IN)
                         net (fo=0)                   0.000     0.000    FPGACLK
    W5                   IBUF (Prop_ibuf_I_O)         0.414     0.414 r  FPGACLK_IBUF_inst/O
                         net (fo=1, routed)           0.685     1.099    FPGACLK_IBUF
    BUFGCTRL_X0Y0        BUFG (Prop_bufg_I_O)         0.029     1.128 r  FPGACLK_IBUF_BUFG_inst/O
                         net (fo=2, routed)           0.851     1.978    ClockDiv/clk_count_reg[1]_0
    SLICE_X65Y26         FDCE                                         r  ClockDiv/clk_count_reg[1]/C
                         clock pessimism             -0.512     1.466    
    SLICE_X65Y26         FDCE (Hold_fdce_C_D)         0.107     1.573    ClockDiv/clk_count_reg[1]
  -------------------------------------------------------------------
                         required time                         -1.573    
                         arrival time                           1.881    
  -------------------------------------------------------------------
                         slack                                  0.308    

Slack (MET) :             0.325ns  (arrival time - required time)
  Source:                 ClockDiv/clk_count_reg[0]/C
                            (rising edge-triggered cell FDCE clocked by FPGACLK  {rise@0.000ns fall@5.000ns period=10.000ns})
  Destination:            ClockDiv/clk_count_reg[0]/D
                            (rising edge-triggered cell FDCE clocked by FPGACLK  {rise@0.000ns fall@5.000ns period=10.000ns})
  Path Group:             FPGACLK
  Path Type:              Hold (Min at Fast Process Corner)
  Requirement:            0.000ns  (FPGACLK rise@0.000ns - FPGACLK rise@0.000ns)
  Data Path Delay:        0.417ns  (logic 0.186ns (44.604%)  route 0.231ns (55.396%))
  Logic Levels:           1  (LUT1=1)
  Clock Path Skew:        0.000ns (DCD - SCD - CPR)
    Destination Clock Delay (DCD):    1.978ns
    Source Clock Delay      (SCD):    1.466ns
    Clock Pessimism Removal (CPR):    0.512ns

    Location             Delay type                Incr(ns)  Path(ns)    Netlist Resource(s)
  -------------------------------------------------------------------    -------------------
                         (clock FPGACLK rise edge)    0.000     0.000 r  
    W5                                                0.000     0.000 r  FPGACLK (IN)
                         net (fo=0)                   0.000     0.000    FPGACLK
    W5                   IBUF (Prop_ibuf_I_O)         0.226     0.226 r  FPGACLK_IBUF_inst/O
                         net (fo=1, routed)           0.631     0.858    FPGACLK_IBUF
    BUFGCTRL_X0Y0        BUFG (Prop_bufg_I_O)         0.026     0.884 r  FPGACLK_IBUF_BUFG_inst/O
                         net (fo=2, routed)           0.583     1.466    ClockDiv/clk_count_reg[1]_0
    SLICE_X65Y26         FDCE                                         r  ClockDiv/clk_count_reg[0]/C
  -------------------------------------------------------------------    -------------------
    SLICE_X65Y26         FDCE (Prop_fdce_C_Q)         0.141     1.607 f  ClockDiv/clk_count_reg[0]/Q
                         net (fo=3, routed)           0.231     1.838    ClockDiv/clk_count[0]
    SLICE_X65Y26         LUT1 (Prop_lut1_I0_O)        0.045     1.883 r  ClockDiv/clk_count[0]_i_1/O
                         net (fo=1, routed)           0.000     1.883    ClockDiv/p_0_in[0]
    SLICE_X65Y26         FDCE                                         r  ClockDiv/clk_count_reg[0]/D
  -------------------------------------------------------------------    -------------------

                         (clock FPGACLK rise edge)    0.000     0.000 r  
    W5                                                0.000     0.000 r  FPGACLK (IN)
                         net (fo=0)                   0.000     0.000    FPGACLK
    W5                   IBUF (Prop_ibuf_I_O)         0.414     0.414 r  FPGACLK_IBUF_inst/O
                         net (fo=1, routed)           0.685     1.099    FPGACLK_IBUF
    BUFGCTRL_X0Y0        BUFG (Prop_bufg_I_O)         0.029     1.128 r  FPGACLK_IBUF_BUFG_inst/O
                         net (fo=2, routed)           0.851     1.978    ClockDiv/clk_count_reg[1]_0
    SLICE_X65Y26         FDCE                                         r  ClockDiv/clk_count_reg[0]/C
                         clock pessimism             -0.512     1.466    
    SLICE_X65Y26         FDCE (Hold_fdce_C_D)         0.092     1.558    ClockDiv/clk_count_reg[0]
  -------------------------------------------------------------------
                         required time                         -1.558    
                         arrival time                           1.883    
  -------------------------------------------------------------------
                         slack                                  0.325    





Pulse Width Checks
--------------------------------------------------------------------------------------
Clock Name:         FPGACLK
Waveform(ns):       { 0.000 5.000 }
Period(ns):         10.000
Sources:            { FPGACLK }

Check Type        Corner  Lib Pin  Reference Pin  Required(ns)  Actual(ns)  Slack(ns)  Location       Pin
Min Period        n/a     BUFG/I   n/a            2.155         10.000      7.845      BUFGCTRL_X0Y0  FPGACLK_IBUF_BUFG_inst/I
Min Period        n/a     FDCE/C   n/a            1.000         10.000      9.000      SLICE_X65Y26   ClockDiv/clk_count_reg[0]/C
Min Period        n/a     FDCE/C   n/a            1.000         10.000      9.000      SLICE_X65Y26   ClockDiv/clk_count_reg[1]/C
Low Pulse Width   Fast    FDCE/C   n/a            0.500         5.000       4.500      SLICE_X65Y26   ClockDiv/clk_count_reg[0]/C
Low Pulse Width   Fast    FDCE/C   n/a            0.500         5.000       4.500      SLICE_X65Y26   ClockDiv/clk_count_reg[1]/C
Low Pulse Width   Slow    FDCE/C   n/a            0.500         5.000       4.500      SLICE_X65Y26   ClockDiv/clk_count_reg[0]/C
Low Pulse Width   Slow    FDCE/C   n/a            0.500         5.000       4.500      SLICE_X65Y26   ClockDiv/clk_count_reg[1]/C
High Pulse Width  Slow    FDCE/C   n/a            0.500         5.000       4.500      SLICE_X65Y26   ClockDiv/clk_count_reg[0]/C
High Pulse Width  Slow    FDCE/C   n/a            0.500         5.000       4.500      SLICE_X65Y26   ClockDiv/clk_count_reg[1]/C
High Pulse Width  Fast    FDCE/C   n/a            0.500         5.000       4.500      SLICE_X65Y26   ClockDiv/clk_count_reg[0]/C
High Pulse Width  Fast    FDCE/C   n/a            0.500         5.000       4.500      SLICE_X65Y26   ClockDiv/clk_count_reg[1]/C



